<?xml version="1.0" encoding="UTF-8" ?>
<testsuite tests="5" failures="0" name="org.convertertopdf.convert.TiffConverterTest" time="0.033" errors="0" skipped="0">
  <properties>
[...]
</properties>
  <testcase classname="org.convertertopdf.convert.TiffConverterTest" name="convertFileFormatException" time="0.005"/>
  <testcase classname="org.convertertopdf.convert.TiffConverterTest" name="getFormat" time="0"/>
  <testcase classname="org.convertertopdf.convert.TiffConverterTest" name="convert" time="0.028"/>
  <testcase classname="org.convertertopdf.convert.TiffConverterTest" name="convertFileValidationException" time="0"/>
  <testcase classname="org.convertertopdf.convert.TiffConverterTest" name="convertFileNotInformedException" time="0"/>
</testsuite>