<?xml version="1.0" encoding="UTF-8" ?>
<testsuite tests="8" failures="0" name="org.convertertopdf.convert.BmpConverterTest" time="0.178" errors="1" skipped="0">
  <properties>
[...]
</properties>
  <testcase classname="org.convertertopdf.convert.BmpConverterTest" name="convertFileFormatExceptionByFile" time="0.008"/>
  <testcase classname="org.convertertopdf.convert.BmpConverterTest" name="convertFileFormatExceptionByBytes" time="0.004"/>
  <testcase classname="org.convertertopdf.convert.BmpConverterTest" name="convertByBytes" time="0.155"/>
  <testcase classname="org.convertertopdf.convert.BmpConverterTest" name="convertByBytesNull" time="0.002">
    <error message="The file has not been informed." type="org.convertertopdf.exception.FileNotInformedException">org.convertertopdf.exception.FileNotInformedException: The file has not been informed.
	at org.convertertopdf.management.AbstractConverter.validade(AbstractConverter.java:111)
	at org.convertertopdf.convert.BmpConverterTest.convertByBytesNull(BmpConverterTest.java:79)
	at sun.reflect.NativeMethodAccessorImpl.invoke0(Native Method)
	at sun.reflect.NativeMethodAccessorImpl.invoke(NativeMethodAccessorImpl.java:62)
	at sun.reflect.DelegatingMethodAccessorImpl.invoke(DelegatingMethodAccessorImpl.java:43)
	at java.lang.reflect.Method.invoke(Method.java:498)
	at org.junit.runners.model.FrameworkMethod$1.runReflectiveCall(FrameworkMethod.java:50)
	at org.junit.internal.runners.model.ReflectiveCallable.run(ReflectiveCallable.java:12)
	at org.junit.runners.model.FrameworkMethod.invokeExplosively(FrameworkMethod.java:47)
	at org.junit.internal.runners.statements.InvokeMethod.evaluate(InvokeMethod.java:17)
	at org.junit.internal.runners.statements.RunBefores.evaluate(RunBefores.java:26)
	at org.junit.runners.ParentRunner.runLeaf(ParentRunner.java:325)
	at org.junit.runners.BlockJUnit4ClassRunner.runChild(BlockJUnit4ClassRunner.java:78)
	at org.junit.runners.BlockJUnit4ClassRunner.runChild(BlockJUnit4ClassRunner.java:57)
	at org.junit.runners.ParentRunner$3.run(ParentRunner.java:290)
	at org.junit.runners.ParentRunner$1.schedule(ParentRunner.java:71)
	at org.junit.runners.ParentRunner.runChildren(ParentRunner.java:288)
	at org.junit.runners.ParentRunner.access$000(ParentRunner.java:58)
	at org.junit.runners.ParentRunner$2.evaluate(ParentRunner.java:268)
	at org.junit.runners.ParentRunner.run(ParentRunner.java:363)
	at org.apache.maven.surefire.junit4.JUnit4Provider.execute(JUnit4Provider.java:252)
	at org.apache.maven.surefire.junit4.JUnit4Provider.executeTestSet(JUnit4Provider.java:141)
	at org.apache.maven.surefire.junit4.JUnit4Provider.invoke(JUnit4Provider.java:112)
	at sun.reflect.NativeMethodAccessorImpl.invoke0(Native Method)
	at sun.reflect.NativeMethodAccessorImpl.invoke(NativeMethodAccessorImpl.java:62)
	at sun.reflect.DelegatingMethodAccessorImpl.invoke(DelegatingMethodAccessorImpl.java:43)
	at java.lang.reflect.Method.invoke(Method.java:498)
	at org.apache.maven.surefire.util.ReflectionUtils.invokeMethodWithArray(ReflectionUtils.java:189)
	at org.apache.maven.surefire.booter.ProviderFactory$ProviderProxy.invoke(ProviderFactory.java:165)
	at org.apache.maven.surefire.booter.ProviderFactory.invokeProvider(ProviderFactory.java:85)
	at org.apache.maven.surefire.booter.ForkedBooter.runSuitesInProcess(ForkedBooter.java:115)
	at org.apache.maven.surefire.booter.ForkedBooter.main(ForkedBooter.java:75)
</error>
  </testcase>
  <testcase classname="org.convertertopdf.convert.BmpConverterTest" name="getFormat" time="0"/>
  <testcase classname="org.convertertopdf.convert.BmpConverterTest" name="convertByFile" time="0.009"/>
  <testcase classname="org.convertertopdf.convert.BmpConverterTest" name="convertFileValidationException" time="0"/>
  <testcase classname="org.convertertopdf.convert.BmpConverterTest" name="convertFileNotInformedException" time="0"/>
</testsuite>